TN:
SF:C:\Users\SamuelPinheiro\Downloads\Udacity\NODE\nodejs-music-api\src\app.js
FN:28,(anonymous_0)
FN:34,(anonymous_1)
FN:43,(anonymous_2)
FNF:3
FNH:3
FNDA:3,(anonymous_0)
FNDA:3,(anonymous_1)
FNDA:1,(anonymous_2)
DA:10,1
DA:11,1
DA:13,1
DA:14,1
DA:17,1
DA:18,1
DA:19,1
DA:20,1
DA:23,1
DA:26,1
DA:28,1
DA:29,3
DA:30,3
DA:31,3
DA:32,3
DA:34,1
DA:35,3
DA:36,3
DA:43,1
DA:44,1
LF:20
LH:20
BRDA:11,0,0,1
BRDA:11,0,1,1
BRDA:35,1,0,3
BRDA:35,1,1,0
BRF:4
BRH:3
end_of_record
TN:
SF:C:\Users\SamuelPinheiro\Downloads\Udacity\NODE\nodejs-music-api\src\api\index.js
FNF:0
FNH:0
DA:6,1
DA:8,1
DA:10,1
DA:12,1
LF:4
LH:4
BRF:0
BRH:0
end_of_record
TN:
SF:C:\Users\SamuelPinheiro\Downloads\Udacity\NODE\nodejs-music-api\src\api\helpers\jwt.js
FN:8,(anonymous_0)
FNF:1
FNH:1
FNDA:2,(anonymous_0)
DA:5,1
DA:9,2
LF:2
LH:2
BRF:0
BRH:0
end_of_record
TN:
SF:C:\Users\SamuelPinheiro\Downloads\Udacity\NODE\nodejs-music-api\src\api\middleware\is-artist.js
FN:3,(anonymous_0)
FN:10,(anonymous_1)
FNF:2
FNH:2
FNDA:6,(anonymous_0)
FNDA:1,(anonymous_1)
DA:3,1
DA:4,6
DA:5,0
DA:7,6
DA:10,1
DA:11,1
DA:12,1
DA:14,0
LF:8
LH:6
BRDA:4,0,0,0
BRDA:4,0,1,6
BRDA:11,1,0,1
BRDA:11,1,1,0
BRF:4
BRH:2
end_of_record
TN:
SF:C:\Users\SamuelPinheiro\Downloads\Udacity\NODE\nodejs-music-api\src\api\middleware\password-jwt.js
FN:7,(anonymous_0)
FN:13,(anonymous_1)
FN:14,(anonymous_2)
FNF:3
FNH:3
FNDA:1,(anonymous_0)
FNDA:11,(anonymous_1)
FNDA:11,(anonymous_2)
DA:6,1
DA:7,1
DA:8,1
DA:13,1
DA:14,11
DA:15,11
DA:16,0
DA:18,11
DA:19,11
DA:21,0
LF:10
LH:8
BRDA:15,0,0,0
BRDA:15,0,1,11
BRDA:18,1,0,11
BRDA:18,1,1,0
BRF:4
BRH:2
end_of_record
TN:
SF:C:\Users\SamuelPinheiro\Downloads\Udacity\NODE\nodejs-music-api\src\api\resources\playlist\index.js
FNF:0
FNH:0
LF:0
LH:0
BRF:0
BRH:0
end_of_record
TN:
SF:C:\Users\SamuelPinheiro\Downloads\Udacity\NODE\nodejs-music-api\src\api\resources\playlist\playlist.controller.js
FN:5,(anonymous_0)
FN:19,(anonymous_1)
FNF:2
FNH:2
FNDA:1,(anonymous_0)
FNDA:1,(anonymous_1)
DA:6,1
DA:8,1
DA:9,1
DA:10,0
DA:12,1
DA:13,1
DA:15,0
DA:16,0
DA:20,1
DA:21,1
DA:25,1
DA:28,0
DA:29,0
LF:13
LH:8
BRDA:9,0,0,0
BRDA:9,0,1,1
BRF:2
BRH:1
end_of_record
TN:
SF:C:\Users\SamuelPinheiro\Downloads\Udacity\NODE\nodejs-music-api\src\api\resources\playlist\playlist.model.js
FNF:0
FNH:0
DA:3,1
DA:4,1
LF:2
LH:2
BRF:0
BRH:0
end_of_record
TN:
SF:C:\Users\SamuelPinheiro\Downloads\Udacity\NODE\nodejs-music-api\src\api\resources\playlist\playlist.router.js
FNF:0
FNH:0
DA:6,1
DA:8,1
LF:2
LH:2
BRF:0
BRH:0
end_of_record
TN:
SF:C:\Users\SamuelPinheiro\Downloads\Udacity\NODE\nodejs-music-api\src\api\resources\playlist\playlist.service.js
FN:4,(anonymous_0)
FNF:1
FNH:1
FNDA:1,(anonymous_0)
DA:5,1
DA:10,1
DA:11,1
DA:12,0
DA:14,1
LF:5
LH:4
BRDA:11,0,0,0
BRDA:11,0,1,1
BRDA:11,1,0,1
BRDA:11,1,1,0
BRF:4
BRH:2
end_of_record
TN:
SF:C:\Users\SamuelPinheiro\Downloads\Udacity\NODE\nodejs-music-api\src\api\resources\song\index.js
FNF:0
FNH:0
LF:0
LH:0
BRF:0
BRH:0
end_of_record
TN:
SF:C:\Users\SamuelPinheiro\Downloads\Udacity\NODE\nodejs-music-api\src\api\resources\song\sing.model.js
FNF:0
FNH:0
DA:4,1
DA:5,1
DA:34,1
LF:3
LH:3
BRF:0
BRH:0
end_of_record
TN:
SF:C:\Users\SamuelPinheiro\Downloads\Udacity\NODE\nodejs-music-api\src\api\resources\song\song.controller.js
FN:9,(anonymous_0)
FN:36,(anonymous_1)
FN:57,(anonymous_2)
FN:77,(anonymous_3)
FN:96,(anonymous_4)
FNF:5
FNH:5
FNDA:1,(anonymous_0)
FNDA:1,(anonymous_1)
FNDA:1,(anonymous_2)
FNDA:1,(anonymous_3)
FNDA:4,(anonymous_4)
DA:10,1
DA:11,1
DA:22,1
DA:23,1
DA:24,0
DA:26,1
DA:27,1
DA:30,0
DA:31,0
DA:37,1
DA:39,1
DA:40,1
DA:48,1
DA:49,1
DA:51,0
DA:52,0
DA:58,1
DA:60,1
DA:61,1
DA:65,1
DA:66,0
DA:68,1
DA:71,0
DA:72,0
DA:78,1
DA:80,1
DA:81,1
DA:85,1
DA:86,0
DA:88,1
DA:90,0
DA:91,0
DA:97,4
DA:99,4
DA:100,4
DA:111,4
DA:112,4
DA:113,1
DA:116,3
DA:118,2
DA:119,1
DA:121,1
DA:123,1
DA:124,1
LF:44
LH:33
BRDA:23,0,0,0
BRDA:23,0,1,1
BRDA:23,1,0,1
BRDA:23,1,1,0
BRDA:41,2,0,1
BRDA:41,2,1,1
BRDA:42,3,0,1
BRDA:42,3,1,1
BRDA:65,4,0,0
BRDA:65,4,1,1
BRDA:85,5,0,0
BRDA:85,5,1,1
BRDA:112,6,0,1
BRDA:112,6,1,3
BRDA:112,7,0,4
BRDA:112,7,1,1
BRDA:118,8,0,1
BRDA:118,8,1,1
BRF:18
BRH:14
end_of_record
TN:
SF:C:\Users\SamuelPinheiro\Downloads\Udacity\NODE\nodejs-music-api\src\api\resources\song\song.router.js
FNF:0
FNH:0
DA:6,1
DA:12,1
DA:13,1
DA:17,1
LF:4
LH:4
BRF:0
BRH:0
end_of_record
TN:
SF:C:\Users\SamuelPinheiro\Downloads\Udacity\NODE\nodejs-music-api\src\api\resources\user\user.controller.js
FN:6,(anonymous_0)
FN:31,(anonymous_1)
FN:59,(anonymous_2)
FN:63,(anonymous_3)
FNF:4
FNH:2
FNDA:2,(anonymous_0)
FNDA:4,(anonymous_1)
FNDA:0,(anonymous_2)
FNDA:0,(anonymous_3)
DA:7,2
DA:8,2
DA:9,2
DA:10,0
DA:13,2
DA:15,2
DA:24,2
DA:26,0
DA:27,0
DA:32,4
DA:34,4
DA:35,4
DA:36,0
DA:39,4
DA:41,4
DA:42,2
DA:45,2
DA:47,2
DA:48,0
DA:50,2
DA:51,2
DA:54,0
DA:55,0
DA:60,0
DA:64,0
DA:66,0
DA:69,0
DA:71,0
DA:72,0
LF:29
LH:16
BRDA:9,0,0,0
BRDA:9,0,1,2
BRDA:21,1,0,2
BRDA:21,1,1,0
BRDA:35,2,0,0
BRDA:35,2,1,4
BRDA:41,3,0,2
BRDA:41,3,1,2
BRDA:47,4,0,0
BRDA:47,4,1,2
BRF:10
BRH:6
end_of_record
TN:
SF:C:\Users\SamuelPinheiro\Downloads\Udacity\NODE\nodejs-music-api\src\api\resources\user\user.model.js
FNF:0
FNH:0
DA:3,1
DA:4,1
DA:5,1
DA:7,1
DA:8,1
LF:5
LH:5
BRF:0
BRH:0
end_of_record
TN:
SF:C:\Users\SamuelPinheiro\Downloads\Udacity\NODE\nodejs-music-api\src\api\resources\user\user.router.js
FNF:0
FNH:0
DA:6,1
DA:7,1
DA:8,1
DA:10,1
DA:12,1
LF:5
LH:5
BRF:0
BRH:0
end_of_record
TN:
SF:C:\Users\SamuelPinheiro\Downloads\Udacity\NODE\nodejs-music-api\src\api\resources\user\user.service.js
FN:5,(anonymous_0)
FN:9,(anonymous_1)
FN:24,(anonymous_2)
FN:29,(anonymous_3)
FNF:4
FNH:4
FNDA:2,(anonymous_0)
FNDA:4,(anonymous_1)
FNDA:2,(anonymous_2)
FNDA:2,(anonymous_3)
DA:6,2
DA:10,4
DA:17,4
DA:18,4
DA:19,0
DA:21,4
DA:25,2
DA:26,2
DA:30,2
DA:39,2
DA:40,2
DA:41,0
DA:43,2
LF:13
LH:11
BRDA:18,0,0,0
BRDA:18,0,1,4
BRDA:18,1,0,4
BRDA:18,1,1,0
BRDA:40,2,0,0
BRDA:40,2,1,2
BRDA:40,3,0,2
BRDA:40,3,1,0
BRF:8
BRH:4
end_of_record
TN:
SF:C:\Users\SamuelPinheiro\Downloads\Udacity\NODE\nodejs-music-api\src\config\config.js
FN:14,(anonymous_0)
FNF:1
FNH:1
FNDA:3,(anonymous_0)
DA:1,1
DA:14,3
LF:2
LH:2
BRDA:14,0,0,3
BRDA:14,0,1,3
BRF:2
BRH:2
end_of_record
TN:
SF:C:\Users\SamuelPinheiro\Downloads\Udacity\NODE\nodejs-music-api\src\config\db.js
FN:6,(anonymous_0)
FNF:1
FNH:1
FNDA:1,(anonymous_0)
DA:4,1
DA:5,1
DA:6,1
LF:3
LH:3
BRF:0
BRH:0
end_of_record
TN:
SF:C:\Users\SamuelPinheiro\Downloads\Udacity\NODE\nodejs-music-api\src\test\test.js
FN:18,(anonymous_0)
FN:19,(anonymous_1)
FN:20,(anonymous_2)
FN:27,(anonymous_3)
FN:28,(anonymous_4)
FN:39,(anonymous_5)
FN:51,(anonymous_6)
FN:64,(anonymous_7)
FN:77,(anonymous_8)
FN:91,(anonymous_9)
FN:92,(anonymous_10)
FN:96,(anonymous_11)
FN:105,(anonymous_12)
FN:106,(anonymous_13)
FN:117,(anonymous_14)
FN:130,(anonymous_15)
FN:131,(anonymous_16)
FN:135,(anonymous_17)
FN:144,(anonymous_18)
FN:145,(anonymous_19)
FN:156,(anonymous_20)
FN:165,(anonymous_21)
FN:166,(anonymous_22)
FN:177,(anonymous_23)
FN:185,(anonymous_24)
FN:186,(anonymous_25)
FN:197,(anonymous_26)
FN:205,(anonymous_27)
FN:206,(anonymous_28)
FN:217,(anonymous_29)
FN:225,(anonymous_30)
FN:226,(anonymous_31)
FN:237,(anonymous_32)
FN:247,(anonymous_33)
FN:248,(anonymous_34)
FN:252,(anonymous_35)
FN:261,(anonymous_36)
FN:262,(anonymous_37)
FN:270,(anonymous_38)
FN:279,(anonymous_39)
FN:280,(anonymous_40)
FN:284,(anonymous_41)
FN:296,(anonymous_42)
FN:297,(anonymous_43)
FN:298,(anonymous_44)
FN:306,(anonymous_45)
FN:307,(anonymous_46)
FN:318,(anonymous_47)
FN:330,(anonymous_48)
FN:343,(anonymous_49)
FN:356,(anonymous_50)
FN:370,(anonymous_51)
FN:371,(anonymous_52)
FN:375,(anonymous_53)
FNF:54
FNH:54
FNDA:1,(anonymous_0)
FNDA:1,(anonymous_1)
FNDA:1,(anonymous_2)
FNDA:1,(anonymous_3)
FNDA:1,(anonymous_4)
FNDA:1,(anonymous_5)
FNDA:1,(anonymous_6)
FNDA:1,(anonymous_7)
FNDA:1,(anonymous_8)
FNDA:1,(anonymous_9)
FNDA:1,(anonymous_10)
FNDA:1,(anonymous_11)
FNDA:1,(anonymous_12)
FNDA:1,(anonymous_13)
FNDA:1,(anonymous_14)
FNDA:1,(anonymous_15)
FNDA:1,(anonymous_16)
FNDA:1,(anonymous_17)
FNDA:1,(anonymous_18)
FNDA:1,(anonymous_19)
FNDA:1,(anonymous_20)
FNDA:1,(anonymous_21)
FNDA:1,(anonymous_22)
FNDA:1,(anonymous_23)
FNDA:1,(anonymous_24)
FNDA:1,(anonymous_25)
FNDA:1,(anonymous_26)
FNDA:1,(anonymous_27)
FNDA:1,(anonymous_28)
FNDA:1,(anonymous_29)
FNDA:1,(anonymous_30)
FNDA:1,(anonymous_31)
FNDA:1,(anonymous_32)
FNDA:1,(anonymous_33)
FNDA:1,(anonymous_34)
FNDA:1,(anonymous_35)
FNDA:1,(anonymous_36)
FNDA:1,(anonymous_37)
FNDA:1,(anonymous_38)
FNDA:1,(anonymous_39)
FNDA:1,(anonymous_40)
FNDA:1,(anonymous_41)
FNDA:1,(anonymous_42)
FNDA:1,(anonymous_43)
FNDA:1,(anonymous_44)
FNDA:1,(anonymous_45)
FNDA:1,(anonymous_46)
FNDA:1,(anonymous_47)
FNDA:1,(anonymous_48)
FNDA:1,(anonymous_49)
FNDA:1,(anonymous_50)
FNDA:1,(anonymous_51)
FNDA:1,(anonymous_52)
FNDA:1,(anonymous_53)
DA:1,1
DA:10,1
DA:11,1
DA:12,1
DA:18,1
DA:19,1
DA:20,1
DA:21,1
DA:22,1
DA:27,1
DA:28,1
DA:30,1
DA:40,1
DA:41,1
DA:42,1
DA:45,1
DA:52,1
DA:53,1
DA:54,1
DA:55,1
DA:58,1
DA:65,1
DA:66,1
DA:71,1
DA:78,1
DA:79,1
DA:80,1
DA:81,1
DA:91,1
DA:92,1
DA:93,1
DA:97,1
DA:98,1
DA:99,1
DA:100,1
DA:105,1
DA:106,1
DA:107,1
DA:118,1
DA:119,1
DA:120,1
DA:122,1
DA:130,1
DA:131,1
DA:132,1
DA:136,1
DA:137,1
DA:138,1
DA:144,1
DA:145,1
DA:146,1
DA:157,1
DA:158,1
DA:159,1
DA:165,1
DA:166,1
DA:167,1
DA:178,1
DA:179,1
DA:180,1
DA:185,1
DA:186,1
DA:187,1
DA:198,1
DA:199,1
DA:200,1
DA:205,1
DA:206,1
DA:207,1
DA:218,1
DA:219,1
DA:220,1
DA:225,1
DA:226,1
DA:227,1
DA:238,1
DA:239,1
DA:240,1
DA:247,1
DA:248,1
DA:249,1
DA:253,1
DA:254,1
DA:255,1
DA:261,1
DA:262,1
DA:263,1
DA:271,1
DA:272,1
DA:273,1
DA:279,1
DA:280,1
DA:281,1
DA:285,1
DA:286,1
DA:287,1
DA:296,1
DA:297,1
DA:298,1
DA:299,1
DA:300,1
DA:306,1
DA:307,1
DA:309,1
DA:319,1
DA:320,1
DA:321,1
DA:324,1
DA:331,1
DA:332,1
DA:333,1
DA:334,1
DA:337,1
DA:344,1
DA:345,1
DA:350,1
DA:357,1
DA:358,1
DA:359,1
DA:360,1
DA:370,1
DA:371,1
DA:372,1
DA:376,1
DA:377,1
DA:378,1
LF:126
LH:126
BRF:0
BRH:0
end_of_record
