TN:
SF:C:\Users\SamuelPinheiro\Downloads\Udacity\NODE\nodejs-music-api\src\app.js
FN:28,(anonymous_0)
FN:34,(anonymous_1)
FN:43,(anonymous_2)
FNF:3
FNH:0
FNDA:0,(anonymous_0)
FNDA:0,(anonymous_1)
FNDA:0,(anonymous_2)
DA:10,1
DA:11,1
DA:13,1
DA:14,1
DA:17,1
DA:18,1
DA:19,1
DA:20,1
DA:23,1
DA:26,1
DA:28,1
DA:29,0
DA:30,0
DA:31,0
DA:32,0
DA:34,1
DA:35,0
DA:36,0
DA:43,1
DA:44,0
LF:20
LH:13
BRDA:11,0,0,1
BRDA:11,0,1,1
BRDA:35,1,0,0
BRDA:35,1,1,0
BRF:4
BRH:2
end_of_record
TN:
SF:C:\Users\SamuelPinheiro\Downloads\Udacity\NODE\nodejs-music-api\src\api\index.js
FNF:0
FNH:0
DA:6,1
DA:8,1
DA:10,1
DA:12,1
LF:4
LH:4
BRF:0
BRH:0
end_of_record
TN:
SF:C:\Users\SamuelPinheiro\Downloads\Udacity\NODE\nodejs-music-api\src\api\helpers\jwt.js
FN:8,(anonymous_0)
FNF:1
FNH:0
FNDA:0,(anonymous_0)
DA:5,1
DA:9,0
LF:2
LH:1
BRF:0
BRH:0
end_of_record
TN:
SF:C:\Users\SamuelPinheiro\Downloads\Udacity\NODE\nodejs-music-api\src\api\middleware\is-artist.js
FN:3,(anonymous_0)
FN:10,(anonymous_1)
FNF:2
FNH:0
FNDA:0,(anonymous_0)
FNDA:0,(anonymous_1)
DA:3,1
DA:4,0
DA:5,0
DA:7,0
DA:10,1
DA:11,0
DA:12,0
DA:14,0
LF:8
LH:2
BRDA:4,0,0,0
BRDA:4,0,1,0
BRDA:11,1,0,0
BRDA:11,1,1,0
BRF:4
BRH:0
end_of_record
TN:
SF:C:\Users\SamuelPinheiro\Downloads\Udacity\NODE\nodejs-music-api\src\api\middleware\password-jwt.js
FN:7,(anonymous_0)
FN:13,(anonymous_1)
FN:14,(anonymous_2)
FNF:3
FNH:1
FNDA:1,(anonymous_0)
FNDA:0,(anonymous_1)
FNDA:0,(anonymous_2)
DA:6,1
DA:7,1
DA:8,1
DA:13,1
DA:14,0
DA:15,0
DA:16,0
DA:18,0
DA:19,0
DA:21,0
LF:10
LH:4
BRDA:15,0,0,0
BRDA:15,0,1,0
BRDA:18,1,0,0
BRDA:18,1,1,0
BRF:4
BRH:0
end_of_record
TN:
SF:C:\Users\SamuelPinheiro\Downloads\Udacity\NODE\nodejs-music-api\src\api\resources\playlist\index.js
FNF:0
FNH:0
LF:0
LH:0
BRF:0
BRH:0
end_of_record
TN:
SF:C:\Users\SamuelPinheiro\Downloads\Udacity\NODE\nodejs-music-api\src\api\resources\playlist\playlist.controller.js
FN:5,(anonymous_0)
FN:19,(anonymous_1)
FNF:2
FNH:0
FNDA:0,(anonymous_0)
FNDA:0,(anonymous_1)
DA:6,0
DA:8,0
DA:9,0
DA:10,0
DA:12,0
DA:13,0
DA:15,0
DA:16,0
DA:20,0
DA:21,0
DA:25,0
DA:28,0
DA:29,0
LF:13
LH:0
BRDA:9,0,0,0
BRDA:9,0,1,0
BRF:2
BRH:0
end_of_record
TN:
SF:C:\Users\SamuelPinheiro\Downloads\Udacity\NODE\nodejs-music-api\src\api\resources\playlist\playlist.model.js
FNF:0
FNH:0
DA:3,1
DA:4,1
LF:2
LH:2
BRF:0
BRH:0
end_of_record
TN:
SF:C:\Users\SamuelPinheiro\Downloads\Udacity\NODE\nodejs-music-api\src\api\resources\playlist\playlist.router.js
FNF:0
FNH:0
DA:6,1
DA:8,1
LF:2
LH:2
BRF:0
BRH:0
end_of_record
TN:
SF:C:\Users\SamuelPinheiro\Downloads\Udacity\NODE\nodejs-music-api\src\api\resources\playlist\playlist.service.js
FN:4,(anonymous_0)
FNF:1
FNH:0
FNDA:0,(anonymous_0)
DA:5,0
DA:10,0
DA:11,0
DA:12,0
DA:14,0
LF:5
LH:0
BRDA:11,0,0,0
BRDA:11,0,1,0
BRDA:11,1,0,0
BRDA:11,1,1,0
BRF:4
BRH:0
end_of_record
TN:
SF:C:\Users\SamuelPinheiro\Downloads\Udacity\NODE\nodejs-music-api\src\api\resources\song\index.js
FNF:0
FNH:0
LF:0
LH:0
BRF:0
BRH:0
end_of_record
TN:
SF:C:\Users\SamuelPinheiro\Downloads\Udacity\NODE\nodejs-music-api\src\api\resources\song\sing.model.js
FNF:0
FNH:0
DA:4,1
DA:5,1
DA:34,1
LF:3
LH:3
BRF:0
BRH:0
end_of_record
TN:
SF:C:\Users\SamuelPinheiro\Downloads\Udacity\NODE\nodejs-music-api\src\api\resources\song\song.controller.js
FN:9,(anonymous_0)
FN:36,(anonymous_1)
FN:57,(anonymous_2)
FN:77,(anonymous_3)
FN:96,(anonymous_4)
FNF:5
FNH:0
FNDA:0,(anonymous_0)
FNDA:0,(anonymous_1)
FNDA:0,(anonymous_2)
FNDA:0,(anonymous_3)
FNDA:0,(anonymous_4)
DA:10,0
DA:11,0
DA:22,0
DA:23,0
DA:24,0
DA:26,0
DA:27,0
DA:30,0
DA:31,0
DA:37,0
DA:39,0
DA:40,0
DA:48,0
DA:49,0
DA:51,0
DA:52,0
DA:58,0
DA:60,0
DA:61,0
DA:65,0
DA:66,0
DA:68,0
DA:71,0
DA:72,0
DA:78,0
DA:80,0
DA:81,0
DA:85,0
DA:86,0
DA:88,0
DA:90,0
DA:91,0
DA:97,0
DA:99,0
DA:100,0
DA:111,0
DA:112,0
DA:113,0
DA:116,0
DA:118,0
DA:119,0
DA:121,0
DA:123,0
DA:124,0
LF:44
LH:0
BRDA:23,0,0,0
BRDA:23,0,1,0
BRDA:23,1,0,0
BRDA:23,1,1,0
BRDA:41,2,0,0
BRDA:41,2,1,0
BRDA:42,3,0,0
BRDA:42,3,1,0
BRDA:65,4,0,0
BRDA:65,4,1,0
BRDA:85,5,0,0
BRDA:85,5,1,0
BRDA:112,6,0,0
BRDA:112,6,1,0
BRDA:112,7,0,0
BRDA:112,7,1,0
BRDA:118,8,0,0
BRDA:118,8,1,0
BRF:18
BRH:0
end_of_record
TN:
SF:C:\Users\SamuelPinheiro\Downloads\Udacity\NODE\nodejs-music-api\src\api\resources\song\song.router.js
FNF:0
FNH:0
DA:6,1
DA:12,1
DA:13,1
DA:17,1
LF:4
LH:4
BRF:0
BRH:0
end_of_record
TN:
SF:C:\Users\SamuelPinheiro\Downloads\Udacity\NODE\nodejs-music-api\src\api\resources\user\user.controller.js
FN:6,(anonymous_0)
FN:31,(anonymous_1)
FN:59,(anonymous_2)
FN:63,(anonymous_3)
FNF:4
FNH:0
FNDA:0,(anonymous_0)
FNDA:0,(anonymous_1)
FNDA:0,(anonymous_2)
FNDA:0,(anonymous_3)
DA:7,0
DA:8,0
DA:9,0
DA:10,0
DA:13,0
DA:15,0
DA:24,0
DA:26,0
DA:27,0
DA:32,0
DA:34,0
DA:35,0
DA:36,0
DA:39,0
DA:41,0
DA:42,0
DA:45,0
DA:47,0
DA:48,0
DA:50,0
DA:51,0
DA:54,0
DA:55,0
DA:60,0
DA:64,0
DA:66,0
DA:69,0
DA:71,0
DA:72,0
LF:29
LH:0
BRDA:9,0,0,0
BRDA:9,0,1,0
BRDA:21,1,0,0
BRDA:21,1,1,0
BRDA:35,2,0,0
BRDA:35,2,1,0
BRDA:41,3,0,0
BRDA:41,3,1,0
BRDA:47,4,0,0
BRDA:47,4,1,0
BRF:10
BRH:0
end_of_record
TN:
SF:C:\Users\SamuelPinheiro\Downloads\Udacity\NODE\nodejs-music-api\src\api\resources\user\user.model.js
FNF:0
FNH:0
DA:3,1
DA:4,1
DA:5,1
DA:7,1
DA:8,1
LF:5
LH:5
BRF:0
BRH:0
end_of_record
TN:
SF:C:\Users\SamuelPinheiro\Downloads\Udacity\NODE\nodejs-music-api\src\api\resources\user\user.router.js
FNF:0
FNH:0
DA:6,1
DA:7,1
DA:8,1
DA:10,1
DA:12,1
LF:5
LH:5
BRF:0
BRH:0
end_of_record
TN:
SF:C:\Users\SamuelPinheiro\Downloads\Udacity\NODE\nodejs-music-api\src\api\resources\user\user.service.js
FN:5,(anonymous_0)
FN:9,(anonymous_1)
FN:24,(anonymous_2)
FN:29,(anonymous_3)
FNF:4
FNH:0
FNDA:0,(anonymous_0)
FNDA:0,(anonymous_1)
FNDA:0,(anonymous_2)
FNDA:0,(anonymous_3)
DA:6,0
DA:10,0
DA:17,0
DA:18,0
DA:19,0
DA:21,0
DA:25,0
DA:26,0
DA:30,0
DA:39,0
DA:40,0
DA:41,0
DA:43,0
LF:13
LH:0
BRDA:18,0,0,0
BRDA:18,0,1,0
BRDA:18,1,0,0
BRDA:18,1,1,0
BRDA:40,2,0,0
BRDA:40,2,1,0
BRDA:40,3,0,0
BRDA:40,3,1,0
BRF:8
BRH:0
end_of_record
TN:
SF:C:\Users\SamuelPinheiro\Downloads\Udacity\NODE\nodejs-music-api\src\config\config.js
FN:14,(anonymous_0)
FNF:1
FNH:1
FNDA:3,(anonymous_0)
DA:1,1
DA:14,3
LF:2
LH:2
BRDA:14,0,0,3
BRDA:14,0,1,3
BRF:2
BRH:2
end_of_record
TN:
SF:C:\Users\SamuelPinheiro\Downloads\Udacity\NODE\nodejs-music-api\src\config\db.js
FN:6,(anonymous_0)
FNF:1
FNH:1
FNDA:1,(anonymous_0)
DA:4,1
DA:5,1
DA:6,1
LF:3
LH:3
BRF:0
BRH:0
end_of_record
TN:
SF:C:\Users\SamuelPinheiro\Downloads\Udacity\NODE\nodejs-music-api\src\test\test.js
FN:18,(anonymous_0)
FN:19,(anonymous_1)
FN:20,(anonymous_2)
FN:29,(anonymous_3)
FN:30,(anonymous_4)
FN:41,(anonymous_5)
FN:53,(anonymous_6)
FN:66,(anonymous_7)
FN:79,(anonymous_8)
FN:93,(anonymous_9)
FN:94,(anonymous_10)
FN:98,(anonymous_11)
FN:107,(anonymous_12)
FN:108,(anonymous_13)
FN:119,(anonymous_14)
FN:132,(anonymous_15)
FN:133,(anonymous_16)
FN:137,(anonymous_17)
FN:146,(anonymous_18)
FN:147,(anonymous_19)
FN:158,(anonymous_20)
FN:167,(anonymous_21)
FN:168,(anonymous_22)
FN:179,(anonymous_23)
FN:187,(anonymous_24)
FN:188,(anonymous_25)
FN:199,(anonymous_26)
FN:207,(anonymous_27)
FN:208,(anonymous_28)
FN:219,(anonymous_29)
FN:227,(anonymous_30)
FN:228,(anonymous_31)
FN:239,(anonymous_32)
FN:249,(anonymous_33)
FN:250,(anonymous_34)
FN:254,(anonymous_35)
FN:263,(anonymous_36)
FN:264,(anonymous_37)
FN:272,(anonymous_38)
FN:281,(anonymous_39)
FN:282,(anonymous_40)
FN:286,(anonymous_41)
FN:298,(anonymous_42)
FN:299,(anonymous_43)
FN:300,(anonymous_44)
FN:308,(anonymous_45)
FN:309,(anonymous_46)
FN:320,(anonymous_47)
FN:332,(anonymous_48)
FN:345,(anonymous_49)
FN:358,(anonymous_50)
FN:372,(anonymous_51)
FN:373,(anonymous_52)
FN:377,(anonymous_53)
FNF:54
FNH:0
FNDA:0,(anonymous_0)
FNDA:0,(anonymous_1)
FNDA:0,(anonymous_2)
FNDA:0,(anonymous_3)
FNDA:0,(anonymous_4)
FNDA:0,(anonymous_5)
FNDA:0,(anonymous_6)
FNDA:0,(anonymous_7)
FNDA:0,(anonymous_8)
FNDA:0,(anonymous_9)
FNDA:0,(anonymous_10)
FNDA:0,(anonymous_11)
FNDA:0,(anonymous_12)
FNDA:0,(anonymous_13)
FNDA:0,(anonymous_14)
FNDA:0,(anonymous_15)
FNDA:0,(anonymous_16)
FNDA:0,(anonymous_17)
FNDA:0,(anonymous_18)
FNDA:0,(anonymous_19)
FNDA:0,(anonymous_20)
FNDA:0,(anonymous_21)
FNDA:0,(anonymous_22)
FNDA:0,(anonymous_23)
FNDA:0,(anonymous_24)
FNDA:0,(anonymous_25)
FNDA:0,(anonymous_26)
FNDA:0,(anonymous_27)
FNDA:0,(anonymous_28)
FNDA:0,(anonymous_29)
FNDA:0,(anonymous_30)
FNDA:0,(anonymous_31)
FNDA:0,(anonymous_32)
FNDA:0,(anonymous_33)
FNDA:0,(anonymous_34)
FNDA:0,(anonymous_35)
FNDA:0,(anonymous_36)
FNDA:0,(anonymous_37)
FNDA:0,(anonymous_38)
FNDA:0,(anonymous_39)
FNDA:0,(anonymous_40)
FNDA:0,(anonymous_41)
FNDA:0,(anonymous_42)
FNDA:0,(anonymous_43)
FNDA:0,(anonymous_44)
FNDA:0,(anonymous_45)
FNDA:0,(anonymous_46)
FNDA:0,(anonymous_47)
FNDA:0,(anonymous_48)
FNDA:0,(anonymous_49)
FNDA:0,(anonymous_50)
FNDA:0,(anonymous_51)
FNDA:0,(anonymous_52)
FNDA:0,(anonymous_53)
DA:1,1
DA:10,1
DA:11,1
DA:12,1
DA:18,1
DA:19,0
DA:20,0
DA:21,0
DA:22,0
DA:29,0
DA:30,0
DA:32,0
DA:42,0
DA:43,0
DA:44,0
DA:47,0
DA:54,0
DA:55,0
DA:56,0
DA:57,0
DA:60,0
DA:67,0
DA:68,0
DA:73,0
DA:80,0
DA:81,0
DA:82,0
DA:83,0
DA:93,0
DA:94,0
DA:95,0
DA:99,0
DA:100,0
DA:101,0
DA:102,0
DA:107,0
DA:108,0
DA:109,0
DA:120,0
DA:121,0
DA:122,0
DA:124,0
DA:132,0
DA:133,0
DA:134,0
DA:138,0
DA:139,0
DA:140,0
DA:146,0
DA:147,0
DA:148,0
DA:159,0
DA:160,0
DA:161,0
DA:167,0
DA:168,0
DA:169,0
DA:180,0
DA:181,0
DA:182,0
DA:187,0
DA:188,0
DA:189,0
DA:200,0
DA:201,0
DA:202,0
DA:207,0
DA:208,0
DA:209,0
DA:220,0
DA:221,0
DA:222,0
DA:227,0
DA:228,0
DA:229,0
DA:240,0
DA:241,0
DA:242,0
DA:249,0
DA:250,0
DA:251,0
DA:255,0
DA:256,0
DA:257,0
DA:263,0
DA:264,0
DA:265,0
DA:273,0
DA:274,0
DA:275,0
DA:281,0
DA:282,0
DA:283,0
DA:287,0
DA:288,0
DA:289,0
DA:298,0
DA:299,0
DA:300,0
DA:301,0
DA:302,0
DA:308,0
DA:309,0
DA:311,0
DA:321,0
DA:322,0
DA:323,0
DA:326,0
DA:333,0
DA:334,0
DA:335,0
DA:336,0
DA:339,0
DA:346,0
DA:347,0
DA:352,0
DA:359,0
DA:360,0
DA:361,0
DA:362,0
DA:372,0
DA:373,0
DA:374,0
DA:378,0
DA:379,0
DA:380,0
LF:126
LH:5
BRF:0
BRH:0
end_of_record
